-------------------------------------------------------------------------------
Test set: cn.luyijun.fitness.BaseTest
-------------------------------------------------------------------------------
Tests run: 1, Failures: 0, Errors: 1, Skipped: 0, Time elapsed: 0.25 s <<< FAILURE! - in cn.luyijun.fitness.BaseTest
initializationError(cn.luyijun.fitness.BaseTest)  Time elapsed: 0.004 s  <<< ERROR!
java.lang.Exception: No runnable methods

