-------------------------------------------------------------------------------
Test set: cn.zhishu.finance.creaditcard.query.BaseTest
-------------------------------------------------------------------------------
Tests run: 1, Failures: 0, Errors: 1, Skipped: 0, Time elapsed: 0.616 s <<< FAILURE! - in cn.zhishu.finance.creaditcard.query.BaseTest
initializationError(cn.zhishu.finance.creaditcard.query.BaseTest)  Time elapsed: 0.006 s  <<< ERROR!
java.lang.Exception: No runnable methods

